{"timestamp":"2024-10-09 12:21:33", "level":"INFO", "thread":"main", "logger":"com.leopold.store.StoreApplication", "message":"Starting StoreApplication using Java 22.0.1 with PID 16668 (D:\Program_Data\java_programs\store\target\classes started by 77921 in D:\Program_Data\java_programs\store)"}
{"timestamp":"2024-10-09 12:21:33", "level":"INFO", "thread":"main", "logger":"com.leopold.store.StoreApplication", "message":"No active profile set, falling back to 1 default profile: "default""}
{"timestamp":"2024-10-09 12:21:34", "level":"WARN", "thread":"main", "logger":"o.m.s.mapper.ClassPathMapperScanner", "message":"No MyBatis mapper was found in '[com.leopold.store]' package. Please check your configuration."}
{"timestamp":"2024-10-09 12:21:36", "level":"WARN", "thread":"main", "logger":"org.hibernate.orm.deprecation", "message":"HHH90000025: MySQLDialect does not need to be specified explicitly using 'hibernate.dialect' (remove the property setting and it will be selected by default)"}
{"timestamp":"2024-10-09 12:21:38", "level":"WARN", "thread":"main", "logger":"o.s.b.a.o.j.JpaBaseConfiguration$JpaWebConfiguration", "message":"spring.jpa.open-in-view is enabled by default. Therefore, database queries may be performed during view rendering. Explicitly configure spring.jpa.open-in-view to disable this warning"}
{"timestamp":"2024-10-09 12:21:39", "level":"INFO", "thread":"main", "logger":"com.leopold.store.StoreApplication", "message":"Started StoreApplication in 6.38 seconds (process running for 7.239)"}
{"timestamp":"2024-10-09 12:21:47", "level":"INFO", "thread":"http-nio-8080-exec-3", "logger":"com.leopold.store.aop.TimerAspect", "message":"Request [57c7bd89-566f-4d57-a9d8-395d420c291d] - Method [UserServiceImpl.login(..)] finished. Time elapsed: 77ms"}
{"timestamp":"2024-10-09 12:21:51", "level":"ERROR", "thread":"http-nio-8080-exec-10", "logger":"com.leopold.store.aop.TimerAspect", "message":"Request [118d3b4f-3a25-451e-8369-10fceab41d05] - Method [ProductServiceImpl.findHotProducts()] threw an exception: Unable to connect to Redis"}
org.springframework.data.redis.RedisConnectionFailureException: Unable to connect to Redis
	at org.springframework.data.redis.connection.lettuce.LettuceConnectionFactory$ExceptionTranslatingConnectionProvider.translateException(LettuceConnectionFactory.java:1847)
	at org.springframework.data.redis.connection.lettuce.LettuceConnectionFactory$ExceptionTranslatingConnectionProvider.getConnection(LettuceConnectionFactory.java:1778)
	at org.springframework.data.redis.connection.lettuce.LettuceConnectionFactory$SharedConnection.getNativeConnection(LettuceConnectionFactory.java:1580)
	at org.springframework.data.redis.connection.lettuce.LettuceConnectionFactory$SharedConnection.lambda$getConnection$0(LettuceConnectionFactory.java:1560)
	at org.springframework.data.redis.connection.lettuce.LettuceConnectionFactory.doInLock(LettuceConnectionFactory.java:1521)
	at org.springframework.data.redis.connection.lettuce.LettuceConnectionFactory$SharedConnection.getConnection(LettuceConnectionFactory.java:1557)
	at org.springframework.data.redis.connection.lettuce.LettuceConnectionFactory.getSharedConnection(LettuceConnectionFactory.java:1243)
	at org.springframework.data.redis.connection.lettuce.LettuceConnectionFactory.getConnection(LettuceConnectionFactory.java:1049)
	at org.springframework.data.redis.core.RedisConnectionUtils.fetchConnection(RedisConnectionUtils.java:195)
	at org.springframework.data.redis.core.RedisConnectionUtils.doGetConnection(RedisConnectionUtils.java:144)
	at org.springframework.data.redis.core.RedisConnectionUtils.getConnection(RedisConnectionUtils.java:105)
	at org.springframework.data.redis.core.RedisTemplate.execute(RedisTemplate.java:383)
	at org.springframework.data.redis.core.RedisTemplate.execute(RedisTemplate.java:363)
	at org.springframework.data.redis.core.AbstractOperations.execute(AbstractOperations.java:97)
	at org.springframework.data.redis.core.DefaultListOperations.range(DefaultListOperations.java:159)
	at com.leopold.store.service.impl.ProductServiceImpl.findHotProducts(ProductServiceImpl.java:28)
	at java.base/jdk.internal.reflect.DirectMethodHandleAccessor.invoke(DirectMethodHandleAccessor.java:103)
	at java.base/java.lang.reflect.Method.invoke(Method.java:580)
	at org.springframework.aop.support.AopUtils.invokeJoinpointUsingReflection(AopUtils.java:354)
	at org.springframework.aop.framework.ReflectiveMethodInvocation.invokeJoinpoint(ReflectiveMethodInvocation.java:196)
	at org.springframework.aop.framework.ReflectiveMethodInvocation.proceed(ReflectiveMethodInvocation.java:163)
	at org.springframework.aop.framework.CglibAopProxy$CglibMethodInvocation.proceed(CglibAopProxy.java:768)
	at org.springframework.aop.aspectj.MethodInvocationProceedingJoinPoint.proceed(MethodInvocationProceedingJoinPoint.java:89)
	at com.leopold.store.aop.TimerAspect.around(TimerAspect.java:32)
	at java.base/jdk.internal.reflect.DirectMethodHandleAccessor.invoke(DirectMethodHandleAccessor.java:103)
	at java.base/java.lang.reflect.Method.invoke(Method.java:580)
	at org.springframework.aop.aspectj.AbstractAspectJAdvice.invokeAdviceMethodWithGivenArgs(AbstractAspectJAdvice.java:637)
	at org.springframework.aop.aspectj.AbstractAspectJAdvice.invokeAdviceMethod(AbstractAspectJAdvice.java:627)
	at org.springframework.aop.aspectj.AspectJAroundAdvice.invoke(AspectJAroundAdvice.java:71)
	at org.springframework.aop.framework.ReflectiveMethodInvocation.proceed(ReflectiveMethodInvocation.java:184)
	at org.springframework.aop.framework.CglibAopProxy$CglibMethodInvocation.proceed(CglibAopProxy.java:768)
	at org.springframework.transaction.interceptor.TransactionAspectSupport.invokeWithinTransaction(TransactionAspectSupport.java:379)
	at org.springframework.transaction.interceptor.TransactionInterceptor.invoke(TransactionInterceptor.java:119)
	at org.springframework.aop.framework.ReflectiveMethodInvocation.proceed(ReflectiveMethodInvocation.java:184)
	at org.springframework.aop.framework.CglibAopProxy$CglibMethodInvocation.proceed(CglibAopProxy.java:768)
	at org.springframework.aop.interceptor.ExposeInvocationInterceptor.invoke(ExposeInvocationInterceptor.java:97)
	at org.springframework.aop.framework.ReflectiveMethodInvocation.proceed(ReflectiveMethodInvocation.java:184)
	at org.springframework.aop.framework.CglibAopProxy$CglibMethodInvocation.proceed(CglibAopProxy.java:768)
	at org.springframework.aop.framework.CglibAopProxy$DynamicAdvisedInterceptor.intercept(CglibAopProxy.java:720)
	at com.leopold.store.service.impl.ProductServiceImpl$$SpringCGLIB$$0.findHotProducts(<generated>)
	at com.leopold.store.controller.ProductController.findHotProducts(ProductController.java:28)
	at java.base/jdk.internal.reflect.DirectMethodHandleAccessor.invoke(DirectMethodHandleAccessor.java:103)
	at java.base/java.lang.reflect.Method.invoke(Method.java:580)
	at org.springframework.web.method.support.InvocableHandlerMethod.doInvoke(InvocableHandlerMethod.java:255)
	at org.springframework.web.method.support.InvocableHandlerMethod.invokeForRequest(InvocableHandlerMethod.java:188)
	at org.springframework.web.servlet.mvc.method.annotation.ServletInvocableHandlerMethod.invokeAndHandle(ServletInvocableHandlerMethod.java:118)
	at org.springframework.web.servlet.mvc.method.annotation.RequestMappingHandlerAdapter.invokeHandlerMethod(RequestMappingHandlerAdapter.java:926)
	at org.springframework.web.servlet.mvc.method.annotation.RequestMappingHandlerAdapter.handleInternal(RequestMappingHandlerAdapter.java:831)
	at org.springframework.web.servlet.mvc.method.AbstractHandlerMethodAdapter.handle(AbstractHandlerMethodAdapter.java:87)
	at org.springframework.web.servlet.DispatcherServlet.doDispatch(DispatcherServlet.java:1089)
	at org.springframework.web.servlet.DispatcherServlet.doService(DispatcherServlet.java:979)
	at org.springframework.web.servlet.FrameworkServlet.processRequest(FrameworkServlet.java:1014)
	at org.springframework.web.servlet.FrameworkServlet.doGet(FrameworkServlet.java:903)
	at jakarta.servlet.http.HttpServlet.service(HttpServlet.java:564)
	at org.springframework.web.servlet.FrameworkServlet.service(FrameworkServlet.java:885)
	at jakarta.servlet.http.HttpServlet.service(HttpServlet.java:658)
	at org.apache.catalina.core.ApplicationFilterChain.internalDoFilter(ApplicationFilterChain.java:195)
	at org.apache.catalina.core.ApplicationFilterChain.doFilter(ApplicationFilterChain.java:140)
	at org.apache.tomcat.websocket.server.WsFilter.doFilter(WsFilter.java:51)
	at org.apache.catalina.core.ApplicationFilterChain.internalDoFilter(ApplicationFilterChain.java:164)
	at org.apache.catalina.core.ApplicationFilterChain.doFilter(ApplicationFilterChain.java:140)
	at org.springframework.web.filter.RequestContextFilter.doFilterInternal(RequestContextFilter.java:100)
	at org.springframework.web.filter.OncePerRequestFilter.doFilter(OncePerRequestFilter.java:116)
	at org.apache.catalina.core.ApplicationFilterChain.internalDoFilter(ApplicationFilterChain.java:164)
	at org.apache.catalina.core.ApplicationFilterChain.doFilter(ApplicationFilterChain.java:140)
	at org.springframework.web.filter.FormContentFilter.doFilterInternal(FormContentFilter.java:93)
	at org.springframework.web.filter.OncePerRequestFilter.doFilter(OncePerRequestFilter.java:116)
	at org.apache.catalina.core.ApplicationFilterChain.internalDoFilter(ApplicationFilterChain.java:164)
	at org.apache.catalina.core.ApplicationFilterChain.doFilter(ApplicationFilterChain.java:140)
	at org.springframework.web.filter.CharacterEncodingFilter.doFilterInternal(CharacterEncodingFilter.java:201)
	at org.springframework.web.filter.OncePerRequestFilter.doFilter(OncePerRequestFilter.java:116)
	at org.apache.catalina.core.ApplicationFilterChain.internalDoFilter(ApplicationFilterChain.java:164)
	at org.apache.catalina.core.ApplicationFilterChain.doFilter(ApplicationFilterChain.java:140)
	at org.apache.catalina.core.StandardWrapperValve.invoke(StandardWrapperValve.java:167)
	at org.apache.catalina.core.StandardContextValve.invoke(StandardContextValve.java:90)
	at org.apache.catalina.authenticator.AuthenticatorBase.invoke(AuthenticatorBase.java:483)
	at org.apache.catalina.core.StandardHostValve.invoke(StandardHostValve.java:115)
	at org.apache.catalina.valves.ErrorReportValve.invoke(ErrorReportValve.java:93)
	at org.apache.catalina.core.StandardEngineValve.invoke(StandardEngineValve.java:74)
	at org.apache.catalina.connector.CoyoteAdapter.service(CoyoteAdapter.java:344)
	at org.apache.coyote.http11.Http11Processor.service(Http11Processor.java:389)
	at org.apache.coyote.AbstractProcessorLight.process(AbstractProcessorLight.java:63)
	at org.apache.coyote.AbstractProtocol$ConnectionHandler.process(AbstractProtocol.java:904)
	at org.apache.tomcat.util.net.NioEndpoint$SocketProcessor.doRun(NioEndpoint.java:1741)
	at org.apache.tomcat.util.net.SocketProcessorBase.run(SocketProcessorBase.java:52)
	at org.apache.tomcat.util.threads.ThreadPoolExecutor.runWorker(ThreadPoolExecutor.java:1190)
	at org.apache.tomcat.util.threads.ThreadPoolExecutor$Worker.run(ThreadPoolExecutor.java:659)
	at org.apache.tomcat.util.threads.TaskThread$WrappingRunnable.run(TaskThread.java:63)
	at java.base/java.lang.Thread.run(Thread.java:1570)
Caused by: io.lettuce.core.RedisConnectionException: Unable to connect to localhost/<unresolved>:6379
	at io.lettuce.core.RedisConnectionException.create(RedisConnectionException.java:78)
	at io.lettuce.core.RedisConnectionException.create(RedisConnectionException.java:56)
	at io.lettuce.core.AbstractRedisClient.getConnection(AbstractRedisClient.java:350)
	at io.lettuce.core.RedisClient.connect(RedisClient.java:215)
	at org.springframework.data.redis.connection.lettuce.StandaloneConnectionProvider.lambda$getConnection$1(StandaloneConnectionProvider.java:112)
	at java.base/java.util.Optional.orElseGet(Optional.java:364)
	at org.springframework.data.redis.connection.lettuce.StandaloneConnectionProvider.getConnection(StandaloneConnectionProvider.java:112)
	at org.springframework.data.redis.connection.lettuce.LettuceConnectionFactory$ExceptionTranslatingConnectionProvider.getConnection(LettuceConnectionFactory.java:1776)
	... 87 common frames omitted
Caused by: io.lettuce.core.RedisCommandExecutionException: ERR Client sent AUTH, but no password is set
	at io.lettuce.core.internal.ExceptionFactory.createExecutionException(ExceptionFactory.java:147)
	at io.lettuce.core.internal.ExceptionFactory.createExecutionException(ExceptionFactory.java:116)
	at io.lettuce.core.protocol.AsyncCommand.completeResult(AsyncCommand.java:120)
	at io.lettuce.core.protocol.AsyncCommand.complete(AsyncCommand.java:111)
	at io.lettuce.core.protocol.CommandHandler.complete(CommandHandler.java:745)
	at io.lettuce.core.protocol.CommandHandler.decode(CommandHandler.java:680)
	at io.lettuce.core.protocol.CommandHandler.channelRead(CommandHandler.java:597)
	at io.netty.channel.AbstractChannelHandlerContext.invokeChannelRead(AbstractChannelHandlerContext.java:442)
	at io.netty.channel.AbstractChannelHandlerContext.invokeChannelRead(AbstractChannelHandlerContext.java:420)
	at io.netty.channel.AbstractChannelHandlerContext.fireChannelRead(AbstractChannelHandlerContext.java:412)
	at io.netty.channel.DefaultChannelPipeline$HeadContext.channelRead(DefaultChannelPipeline.java:1407)
	at io.netty.channel.AbstractChannelHandlerContext.invokeChannelRead(AbstractChannelHandlerContext.java:440)
	at io.netty.channel.AbstractChannelHandlerContext.invokeChannelRead(AbstractChannelHandlerContext.java:420)
	at io.netty.channel.DefaultChannelPipeline.fireChannelRead(DefaultChannelPipeline.java:918)
	at io.netty.channel.nio.AbstractNioByteChannel$NioByteUnsafe.read(AbstractNioByteChannel.java:166)
	at io.netty.channel.nio.NioEventLoop.processSelectedKey(NioEventLoop.java:788)
	at io.netty.channel.nio.NioEventLoop.processSelectedKeysOptimized(NioEventLoop.java:724)
	at io.netty.channel.nio.NioEventLoop.processSelectedKeys(NioEventLoop.java:650)
	at io.netty.channel.nio.NioEventLoop.run(NioEventLoop.java:562)
	at io.netty.util.concurrent.SingleThreadEventExecutor$4.run(SingleThreadEventExecutor.java:994)
	at io.netty.util.internal.ThreadExecutorMap$2.run(ThreadExecutorMap.java:74)
	at io.netty.util.concurrent.FastThreadLocalRunnable.run(FastThreadLocalRunnable.java:30)
	... 1 common frames omitted
{"timestamp":"2024-10-09 12:21:51", "level":"ERROR", "thread":"http-nio-8080-exec-10", "logger":"c.l.s.c.GlobalExceptionHandler", "message":"Unexpected error, address:http://localhost:8080/api/products, error message:"}
org.springframework.data.redis.RedisConnectionFailureException: Unable to connect to Redis
	at org.springframework.data.redis.connection.lettuce.LettuceConnectionFactory$ExceptionTranslatingConnectionProvider.translateException(LettuceConnectionFactory.java:1847)
	at org.springframework.data.redis.connection.lettuce.LettuceConnectionFactory$ExceptionTranslatingConnectionProvider.getConnection(LettuceConnectionFactory.java:1778)
	at org.springframework.data.redis.connection.lettuce.LettuceConnectionFactory$SharedConnection.getNativeConnection(LettuceConnectionFactory.java:1580)
	at org.springframework.data.redis.connection.lettuce.LettuceConnectionFactory$SharedConnection.lambda$getConnection$0(LettuceConnectionFactory.java:1560)
	at org.springframework.data.redis.connection.lettuce.LettuceConnectionFactory.doInLock(LettuceConnectionFactory.java:1521)
	at org.springframework.data.redis.connection.lettuce.LettuceConnectionFactory$SharedConnection.getConnection(LettuceConnectionFactory.java:1557)
	at org.springframework.data.redis.connection.lettuce.LettuceConnectionFactory.getSharedConnection(LettuceConnectionFactory.java:1243)
	at org.springframework.data.redis.connection.lettuce.LettuceConnectionFactory.getConnection(LettuceConnectionFactory.java:1049)
	at org.springframework.data.redis.core.RedisConnectionUtils.fetchConnection(RedisConnectionUtils.java:195)
	at org.springframework.data.redis.core.RedisConnectionUtils.doGetConnection(RedisConnectionUtils.java:144)
	at org.springframework.data.redis.core.RedisConnectionUtils.getConnection(RedisConnectionUtils.java:105)
	at org.springframework.data.redis.core.RedisTemplate.execute(RedisTemplate.java:383)
	at org.springframework.data.redis.core.RedisTemplate.execute(RedisTemplate.java:363)
	at org.springframework.data.redis.core.AbstractOperations.execute(AbstractOperations.java:97)
	at org.springframework.data.redis.core.DefaultListOperations.range(DefaultListOperations.java:159)
	at com.leopold.store.service.impl.ProductServiceImpl.findHotProducts(ProductServiceImpl.java:28)
	at java.base/jdk.internal.reflect.DirectMethodHandleAccessor.invoke(DirectMethodHandleAccessor.java:103)
	at java.base/java.lang.reflect.Method.invoke(Method.java:580)
	at org.springframework.aop.support.AopUtils.invokeJoinpointUsingReflection(AopUtils.java:354)
	at org.springframework.aop.framework.ReflectiveMethodInvocation.invokeJoinpoint(ReflectiveMethodInvocation.java:196)
	at org.springframework.aop.framework.ReflectiveMethodInvocation.proceed(ReflectiveMethodInvocation.java:163)
	at org.springframework.aop.framework.CglibAopProxy$CglibMethodInvocation.proceed(CglibAopProxy.java:768)
	at org.springframework.aop.aspectj.MethodInvocationProceedingJoinPoint.proceed(MethodInvocationProceedingJoinPoint.java:89)
	at com.leopold.store.aop.TimerAspect.around(TimerAspect.java:32)
	at java.base/jdk.internal.reflect.DirectMethodHandleAccessor.invoke(DirectMethodHandleAccessor.java:103)
	at java.base/java.lang.reflect.Method.invoke(Method.java:580)
	at org.springframework.aop.aspectj.AbstractAspectJAdvice.invokeAdviceMethodWithGivenArgs(AbstractAspectJAdvice.java:637)
	at org.springframework.aop.aspectj.AbstractAspectJAdvice.invokeAdviceMethod(AbstractAspectJAdvice.java:627)
	at org.springframework.aop.aspectj.AspectJAroundAdvice.invoke(AspectJAroundAdvice.java:71)
	at org.springframework.aop.framework.ReflectiveMethodInvocation.proceed(ReflectiveMethodInvocation.java:184)
	at org.springframework.aop.framework.CglibAopProxy$CglibMethodInvocation.proceed(CglibAopProxy.java:768)
	at org.springframework.transaction.interceptor.TransactionAspectSupport.invokeWithinTransaction(TransactionAspectSupport.java:379)
	at org.springframework.transaction.interceptor.TransactionInterceptor.invoke(TransactionInterceptor.java:119)
	at org.springframework.aop.framework.ReflectiveMethodInvocation.proceed(ReflectiveMethodInvocation.java:184)
	at org.springframework.aop.framework.CglibAopProxy$CglibMethodInvocation.proceed(CglibAopProxy.java:768)
	at org.springframework.aop.interceptor.ExposeInvocationInterceptor.invoke(ExposeInvocationInterceptor.java:97)
	at org.springframework.aop.framework.ReflectiveMethodInvocation.proceed(ReflectiveMethodInvocation.java:184)
	at org.springframework.aop.framework.CglibAopProxy$CglibMethodInvocation.proceed(CglibAopProxy.java:768)
	at org.springframework.aop.framework.CglibAopProxy$DynamicAdvisedInterceptor.intercept(CglibAopProxy.java:720)
	at com.leopold.store.service.impl.ProductServiceImpl$$SpringCGLIB$$0.findHotProducts(<generated>)
	at com.leopold.store.controller.ProductController.findHotProducts(ProductController.java:28)
	at java.base/jdk.internal.reflect.DirectMethodHandleAccessor.invoke(DirectMethodHandleAccessor.java:103)
	at java.base/java.lang.reflect.Method.invoke(Method.java:580)
	at org.springframework.web.method.support.InvocableHandlerMethod.doInvoke(InvocableHandlerMethod.java:255)
	at org.springframework.web.method.support.InvocableHandlerMethod.invokeForRequest(InvocableHandlerMethod.java:188)
	at org.springframework.web.servlet.mvc.method.annotation.ServletInvocableHandlerMethod.invokeAndHandle(ServletInvocableHandlerMethod.java:118)
	at org.springframework.web.servlet.mvc.method.annotation.RequestMappingHandlerAdapter.invokeHandlerMethod(RequestMappingHandlerAdapter.java:926)
	at org.springframework.web.servlet.mvc.method.annotation.RequestMappingHandlerAdapter.handleInternal(RequestMappingHandlerAdapter.java:831)
	at org.springframework.web.servlet.mvc.method.AbstractHandlerMethodAdapter.handle(AbstractHandlerMethodAdapter.java:87)
	at org.springframework.web.servlet.DispatcherServlet.doDispatch(DispatcherServlet.java:1089)
	at org.springframework.web.servlet.DispatcherServlet.doService(DispatcherServlet.java:979)
	at org.springframework.web.servlet.FrameworkServlet.processRequest(FrameworkServlet.java:1014)
	at org.springframework.web.servlet.FrameworkServlet.doGet(FrameworkServlet.java:903)
	at jakarta.servlet.http.HttpServlet.service(HttpServlet.java:564)
	at org.springframework.web.servlet.FrameworkServlet.service(FrameworkServlet.java:885)
	at jakarta.servlet.http.HttpServlet.service(HttpServlet.java:658)
	at org.apache.catalina.core.ApplicationFilterChain.internalDoFilter(ApplicationFilterChain.java:195)
	at org.apache.catalina.core.ApplicationFilterChain.doFilter(ApplicationFilterChain.java:140)
	at org.apache.tomcat.websocket.server.WsFilter.doFilter(WsFilter.java:51)
	at org.apache.catalina.core.ApplicationFilterChain.internalDoFilter(ApplicationFilterChain.java:164)
	at org.apache.catalina.core.ApplicationFilterChain.doFilter(ApplicationFilterChain.java:140)
	at org.springframework.web.filter.RequestContextFilter.doFilterInternal(RequestContextFilter.java:100)
	at org.springframework.web.filter.OncePerRequestFilter.doFilter(OncePerRequestFilter.java:116)
	at org.apache.catalina.core.ApplicationFilterChain.internalDoFilter(ApplicationFilterChain.java:164)
	at org.apache.catalina.core.ApplicationFilterChain.doFilter(ApplicationFilterChain.java:140)
	at org.springframework.web.filter.FormContentFilter.doFilterInternal(FormContentFilter.java:93)
	at org.springframework.web.filter.OncePerRequestFilter.doFilter(OncePerRequestFilter.java:116)
	at org.apache.catalina.core.ApplicationFilterChain.internalDoFilter(ApplicationFilterChain.java:164)
	at org.apache.catalina.core.ApplicationFilterChain.doFilter(ApplicationFilterChain.java:140)
	at org.springframework.web.filter.CharacterEncodingFilter.doFilterInternal(CharacterEncodingFilter.java:201)
	at org.springframework.web.filter.OncePerRequestFilter.doFilter(OncePerRequestFilter.java:116)
	at org.apache.catalina.core.ApplicationFilterChain.internalDoFilter(ApplicationFilterChain.java:164)
	at org.apache.catalina.core.ApplicationFilterChain.doFilter(ApplicationFilterChain.java:140)
	at org.apache.catalina.core.StandardWrapperValve.invoke(StandardWrapperValve.java:167)
	at org.apache.catalina.core.StandardContextValve.invoke(StandardContextValve.java:90)
	at org.apache.catalina.authenticator.AuthenticatorBase.invoke(AuthenticatorBase.java:483)
	at org.apache.catalina.core.StandardHostValve.invoke(StandardHostValve.java:115)
	at org.apache.catalina.valves.ErrorReportValve.invoke(ErrorReportValve.java:93)
	at org.apache.catalina.core.StandardEngineValve.invoke(StandardEngineValve.java:74)
	at org.apache.catalina.connector.CoyoteAdapter.service(CoyoteAdapter.java:344)
	at org.apache.coyote.http11.Http11Processor.service(Http11Processor.java:389)
	at org.apache.coyote.AbstractProcessorLight.process(AbstractProcessorLight.java:63)
	at org.apache.coyote.AbstractProtocol$ConnectionHandler.process(AbstractProtocol.java:904)
	at org.apache.tomcat.util.net.NioEndpoint$SocketProcessor.doRun(NioEndpoint.java:1741)
	at org.apache.tomcat.util.net.SocketProcessorBase.run(SocketProcessorBase.java:52)
	at org.apache.tomcat.util.threads.ThreadPoolExecutor.runWorker(ThreadPoolExecutor.java:1190)
	at org.apache.tomcat.util.threads.ThreadPoolExecutor$Worker.run(ThreadPoolExecutor.java:659)
	at org.apache.tomcat.util.threads.TaskThread$WrappingRunnable.run(TaskThread.java:63)
	at java.base/java.lang.Thread.run(Thread.java:1570)
Caused by: io.lettuce.core.RedisConnectionException: Unable to connect to localhost/<unresolved>:6379
	at io.lettuce.core.RedisConnectionException.create(RedisConnectionException.java:78)
	at io.lettuce.core.RedisConnectionException.create(RedisConnectionException.java:56)
	at io.lettuce.core.AbstractRedisClient.getConnection(AbstractRedisClient.java:350)
	at io.lettuce.core.RedisClient.connect(RedisClient.java:215)
	at org.springframework.data.redis.connection.lettuce.StandaloneConnectionProvider.lambda$getConnection$1(StandaloneConnectionProvider.java:112)
	at java.base/java.util.Optional.orElseGet(Optional.java:364)
	at org.springframework.data.redis.connection.lettuce.StandaloneConnectionProvider.getConnection(StandaloneConnectionProvider.java:112)
	at org.springframework.data.redis.connection.lettuce.LettuceConnectionFactory$ExceptionTranslatingConnectionProvider.getConnection(LettuceConnectionFactory.java:1776)
	... 87 common frames omitted
Caused by: io.lettuce.core.RedisCommandExecutionException: ERR Client sent AUTH, but no password is set
	at io.lettuce.core.internal.ExceptionFactory.createExecutionException(ExceptionFactory.java:147)
	at io.lettuce.core.internal.ExceptionFactory.createExecutionException(ExceptionFactory.java:116)
	at io.lettuce.core.protocol.AsyncCommand.completeResult(AsyncCommand.java:120)
	at io.lettuce.core.protocol.AsyncCommand.complete(AsyncCommand.java:111)
	at io.lettuce.core.protocol.CommandHandler.complete(CommandHandler.java:745)
	at io.lettuce.core.protocol.CommandHandler.decode(CommandHandler.java:680)
	at io.lettuce.core.protocol.CommandHandler.channelRead(CommandHandler.java:597)
	at io.netty.channel.AbstractChannelHandlerContext.invokeChannelRead(AbstractChannelHandlerContext.java:442)
	at io.netty.channel.AbstractChannelHandlerContext.invokeChannelRead(AbstractChannelHandlerContext.java:420)
	at io.netty.channel.AbstractChannelHandlerContext.fireChannelRead(AbstractChannelHandlerContext.java:412)
	at io.netty.channel.DefaultChannelPipeline$HeadContext.channelRead(DefaultChannelPipeline.java:1407)
	at io.netty.channel.AbstractChannelHandlerContext.invokeChannelRead(AbstractChannelHandlerContext.java:440)
	at io.netty.channel.AbstractChannelHandlerContext.invokeChannelRead(AbstractChannelHandlerContext.java:420)
	at io.netty.channel.DefaultChannelPipeline.fireChannelRead(DefaultChannelPipeline.java:918)
	at io.netty.channel.nio.AbstractNioByteChannel$NioByteUnsafe.read(AbstractNioByteChannel.java:166)
	at io.netty.channel.nio.NioEventLoop.processSelectedKey(NioEventLoop.java:788)
	at io.netty.channel.nio.NioEventLoop.processSelectedKeysOptimized(NioEventLoop.java:724)
	at io.netty.channel.nio.NioEventLoop.processSelectedKeys(NioEventLoop.java:650)
	at io.netty.channel.nio.NioEventLoop.run(NioEventLoop.java:562)
	at io.netty.util.concurrent.SingleThreadEventExecutor$4.run(SingleThreadEventExecutor.java:994)
	at io.netty.util.internal.ThreadExecutorMap$2.run(ThreadExecutorMap.java:74)
	at io.netty.util.concurrent.FastThreadLocalRunnable.run(FastThreadLocalRunnable.java:30)
	... 1 common frames omitted
{"timestamp":"2024-10-09 12:21:58", "level":"ERROR", "thread":"http-nio-8080-exec-1", "logger":"com.leopold.store.aop.TimerAspect", "message":"Request [aa5566fb-dcab-4478-a057-5003d400968e] - Method [ProductServiceImpl.findHotProducts()] threw an exception: Unable to connect to Redis"}
org.springframework.data.redis.RedisConnectionFailureException: Unable to connect to Redis
	at org.springframework.data.redis.connection.lettuce.LettuceConnectionFactory$ExceptionTranslatingConnectionProvider.translateException(LettuceConnectionFactory.java:1847)
	at org.springframework.data.redis.connection.lettuce.LettuceConnectionFactory$ExceptionTranslatingConnectionProvider.getConnection(LettuceConnectionFactory.java:1778)
	at org.springframework.data.redis.connection.lettuce.LettuceConnectionFactory$SharedConnection.getNativeConnection(LettuceConnectionFactory.java:1580)
	at org.springframework.data.redis.connection.lettuce.LettuceConnectionFactory$SharedConnection.lambda$getConnection$0(LettuceConnectionFactory.java:1560)
	at org.springframework.data.redis.connection.lettuce.LettuceConnectionFactory.doInLock(LettuceConnectionFactory.java:1521)
	at org.springframework.data.redis.connection.lettuce.LettuceConnectionFactory$SharedConnection.getConnection(LettuceConnectionFactory.java:1557)
	at org.springframework.data.redis.connection.lettuce.LettuceConnectionFactory.getSharedConnection(LettuceConnectionFactory.java:1243)
	at org.springframework.data.redis.connection.lettuce.LettuceConnectionFactory.getConnection(LettuceConnectionFactory.java:1049)
	at org.springframework.data.redis.core.RedisConnectionUtils.fetchConnection(RedisConnectionUtils.java:195)
	at org.springframework.data.redis.core.RedisConnectionUtils.doGetConnection(RedisConnectionUtils.java:144)
	at org.springframework.data.redis.core.RedisConnectionUtils.getConnection(RedisConnectionUtils.java:105)
	at org.springframework.data.redis.core.RedisTemplate.execute(RedisTemplate.java:383)
	at org.springframework.data.redis.core.RedisTemplate.execute(RedisTemplate.java:363)
	at org.springframework.data.redis.core.AbstractOperations.execute(AbstractOperations.java:97)
	at org.springframework.data.redis.core.DefaultListOperations.range(DefaultListOperations.java:159)
	at com.leopold.store.service.impl.ProductServiceImpl.findHotProducts(ProductServiceImpl.java:28)
	at java.base/jdk.internal.reflect.DirectMethodHandleAccessor.invoke(DirectMethodHandleAccessor.java:103)
	at java.base/java.lang.reflect.Method.invoke(Method.java:580)
	at org.springframework.aop.support.AopUtils.invokeJoinpointUsingReflection(AopUtils.java:354)
	at org.springframework.aop.framework.ReflectiveMethodInvocation.invokeJoinpoint(ReflectiveMethodInvocation.java:196)
	at org.springframework.aop.framework.ReflectiveMethodInvocation.proceed(ReflectiveMethodInvocation.java:163)
	at org.springframework.aop.framework.CglibAopProxy$CglibMethodInvocation.proceed(CglibAopProxy.java:768)
	at org.springframework.aop.aspectj.MethodInvocationProceedingJoinPoint.proceed(MethodInvocationProceedingJoinPoint.java:89)
	at com.leopold.store.aop.TimerAspect.around(TimerAspect.java:32)
	at java.base/jdk.internal.reflect.DirectMethodHandleAccessor.invoke(DirectMethodHandleAccessor.java:103)
	at java.base/java.lang.reflect.Method.invoke(Method.java:580)
	at org.springframework.aop.aspectj.AbstractAspectJAdvice.invokeAdviceMethodWithGivenArgs(AbstractAspectJAdvice.java:637)
	at org.springframework.aop.aspectj.AbstractAspectJAdvice.invokeAdviceMethod(AbstractAspectJAdvice.java:627)
	at org.springframework.aop.aspectj.AspectJAroundAdvice.invoke(AspectJAroundAdvice.java:71)
	at org.springframework.aop.framework.ReflectiveMethodInvocation.proceed(ReflectiveMethodInvocation.java:184)
	at org.springframework.aop.framework.CglibAopProxy$CglibMethodInvocation.proceed(CglibAopProxy.java:768)
	at org.springframework.transaction.interceptor.TransactionAspectSupport.invokeWithinTransaction(TransactionAspectSupport.java:379)
	at org.springframework.transaction.interceptor.TransactionInterceptor.invoke(TransactionInterceptor.java:119)
	at org.springframework.aop.framework.ReflectiveMethodInvocation.proceed(ReflectiveMethodInvocation.java:184)
	at org.springframework.aop.framework.CglibAopProxy$CglibMethodInvocation.proceed(CglibAopProxy.java:768)
	at org.springframework.aop.interceptor.ExposeInvocationInterceptor.invoke(ExposeInvocationInterceptor.java:97)
	at org.springframework.aop.framework.ReflectiveMethodInvocation.proceed(ReflectiveMethodInvocation.java:184)
	at org.springframework.aop.framework.CglibAopProxy$CglibMethodInvocation.proceed(CglibAopProxy.java:768)
	at org.springframework.aop.framework.CglibAopProxy$DynamicAdvisedInterceptor.intercept(CglibAopProxy.java:720)
	at com.leopold.store.service.impl.ProductServiceImpl$$SpringCGLIB$$0.findHotProducts(<generated>)
	at com.leopold.store.controller.ProductController.findHotProducts(ProductController.java:28)
	at java.base/jdk.internal.reflect.DirectMethodHandleAccessor.invoke(DirectMethodHandleAccessor.java:103)
	at java.base/java.lang.reflect.Method.invoke(Method.java:580)
	at org.springframework.web.method.support.InvocableHandlerMethod.doInvoke(InvocableHandlerMethod.java:255)
	at org.springframework.web.method.support.InvocableHandlerMethod.invokeForRequest(InvocableHandlerMethod.java:188)
	at org.springframework.web.servlet.mvc.method.annotation.ServletInvocableHandlerMethod.invokeAndHandle(ServletInvocableHandlerMethod.java:118)
	at org.springframework.web.servlet.mvc.method.annotation.RequestMappingHandlerAdapter.invokeHandlerMethod(RequestMappingHandlerAdapter.java:926)
	at org.springframework.web.servlet.mvc.method.annotation.RequestMappingHandlerAdapter.handleInternal(RequestMappingHandlerAdapter.java:831)
	at org.springframework.web.servlet.mvc.method.AbstractHandlerMethodAdapter.handle(AbstractHandlerMethodAdapter.java:87)
	at org.springframework.web.servlet.DispatcherServlet.doDispatch(DispatcherServlet.java:1089)
	at org.springframework.web.servlet.DispatcherServlet.doService(DispatcherServlet.java:979)
	at org.springframework.web.servlet.FrameworkServlet.processRequest(FrameworkServlet.java:1014)
	at org.springframework.web.servlet.FrameworkServlet.doGet(FrameworkServlet.java:903)
	at jakarta.servlet.http.HttpServlet.service(HttpServlet.java:564)
	at org.springframework.web.servlet.FrameworkServlet.service(FrameworkServlet.java:885)
	at jakarta.servlet.http.HttpServlet.service(HttpServlet.java:658)
	at org.apache.catalina.core.ApplicationFilterChain.internalDoFilter(ApplicationFilterChain.java:195)
	at org.apache.catalina.core.ApplicationFilterChain.doFilter(ApplicationFilterChain.java:140)
	at org.apache.tomcat.websocket.server.WsFilter.doFilter(WsFilter.java:51)
	at org.apache.catalina.core.ApplicationFilterChain.internalDoFilter(ApplicationFilterChain.java:164)
	at org.apache.catalina.core.ApplicationFilterChain.doFilter(ApplicationFilterChain.java:140)
	at org.springframework.web.filter.RequestContextFilter.doFilterInternal(RequestContextFilter.java:100)
	at org.springframework.web.filter.OncePerRequestFilter.doFilter(OncePerRequestFilter.java:116)
	at org.apache.catalina.core.ApplicationFilterChain.internalDoFilter(ApplicationFilterChain.java:164)
	at org.apache.catalina.core.ApplicationFilterChain.doFilter(ApplicationFilterChain.java:140)
	at org.springframework.web.filter.FormContentFilter.doFilterInternal(FormContentFilter.java:93)
	at org.springframework.web.filter.OncePerRequestFilter.doFilter(OncePerRequestFilter.java:116)
	at org.apache.catalina.core.ApplicationFilterChain.internalDoFilter(ApplicationFilterChain.java:164)
	at org.apache.catalina.core.ApplicationFilterChain.doFilter(ApplicationFilterChain.java:140)
	at org.springframework.web.filter.CharacterEncodingFilter.doFilterInternal(CharacterEncodingFilter.java:201)
	at org.springframework.web.filter.OncePerRequestFilter.doFilter(OncePerRequestFilter.java:116)
	at org.apache.catalina.core.ApplicationFilterChain.internalDoFilter(ApplicationFilterChain.java:164)
	at org.apache.catalina.core.ApplicationFilterChain.doFilter(ApplicationFilterChain.java:140)
	at org.apache.catalina.core.StandardWrapperValve.invoke(StandardWrapperValve.java:167)
	at org.apache.catalina.core.StandardContextValve.invoke(StandardContextValve.java:90)
	at org.apache.catalina.authenticator.AuthenticatorBase.invoke(AuthenticatorBase.java:483)
	at org.apache.catalina.core.StandardHostValve.invoke(StandardHostValve.java:115)
	at org.apache.catalina.valves.ErrorReportValve.invoke(ErrorReportValve.java:93)
	at org.apache.catalina.core.StandardEngineValve.invoke(StandardEngineValve.java:74)
	at org.apache.catalina.connector.CoyoteAdapter.service(CoyoteAdapter.java:344)
	at org.apache.coyote.http11.Http11Processor.service(Http11Processor.java:389)
	at org.apache.coyote.AbstractProcessorLight.process(AbstractProcessorLight.java:63)
	at org.apache.coyote.AbstractProtocol$ConnectionHandler.process(AbstractProtocol.java:904)
	at org.apache.tomcat.util.net.NioEndpoint$SocketProcessor.doRun(NioEndpoint.java:1741)
	at org.apache.tomcat.util.net.SocketProcessorBase.run(SocketProcessorBase.java:52)
	at org.apache.tomcat.util.threads.ThreadPoolExecutor.runWorker(ThreadPoolExecutor.java:1190)
	at org.apache.tomcat.util.threads.ThreadPoolExecutor$Worker.run(ThreadPoolExecutor.java:659)
	at org.apache.tomcat.util.threads.TaskThread$WrappingRunnable.run(TaskThread.java:63)
	at java.base/java.lang.Thread.run(Thread.java:1570)
Caused by: io.lettuce.core.RedisConnectionException: Unable to connect to localhost/<unresolved>:6379
	at io.lettuce.core.RedisConnectionException.create(RedisConnectionException.java:78)
	at io.lettuce.core.RedisConnectionException.create(RedisConnectionException.java:56)
	at io.lettuce.core.AbstractRedisClient.getConnection(AbstractRedisClient.java:350)
	at io.lettuce.core.RedisClient.connect(RedisClient.java:215)
	at org.springframework.data.redis.connection.lettuce.StandaloneConnectionProvider.lambda$getConnection$1(StandaloneConnectionProvider.java:112)
	at java.base/java.util.Optional.orElseGet(Optional.java:364)
	at org.springframework.data.redis.connection.lettuce.StandaloneConnectionProvider.getConnection(StandaloneConnectionProvider.java:112)
	at org.springframework.data.redis.connection.lettuce.LettuceConnectionFactory$ExceptionTranslatingConnectionProvider.getConnection(LettuceConnectionFactory.java:1776)
	... 87 common frames omitted
Caused by: io.lettuce.core.RedisCommandExecutionException: ERR Client sent AUTH, but no password is set
	at io.lettuce.core.internal.ExceptionFactory.createExecutionException(ExceptionFactory.java:147)
	at io.lettuce.core.internal.ExceptionFactory.createExecutionException(ExceptionFactory.java:116)
	at io.lettuce.core.protocol.AsyncCommand.completeResult(AsyncCommand.java:120)
	at io.lettuce.core.protocol.AsyncCommand.complete(AsyncCommand.java:111)
	at io.lettuce.core.protocol.CommandHandler.complete(CommandHandler.java:745)
	at io.lettuce.core.protocol.CommandHandler.decode(CommandHandler.java:680)
	at io.lettuce.core.protocol.CommandHandler.channelRead(CommandHandler.java:597)
	at io.netty.channel.AbstractChannelHandlerContext.invokeChannelRead(AbstractChannelHandlerContext.java:442)
	at io.netty.channel.AbstractChannelHandlerContext.invokeChannelRead(AbstractChannelHandlerContext.java:420)
	at io.netty.channel.AbstractChannelHandlerContext.fireChannelRead(AbstractChannelHandlerContext.java:412)
	at io.netty.channel.DefaultChannelPipeline$HeadContext.channelRead(DefaultChannelPipeline.java:1407)
	at io.netty.channel.AbstractChannelHandlerContext.invokeChannelRead(AbstractChannelHandlerContext.java:440)
	at io.netty.channel.AbstractChannelHandlerContext.invokeChannelRead(AbstractChannelHandlerContext.java:420)
	at io.netty.channel.DefaultChannelPipeline.fireChannelRead(DefaultChannelPipeline.java:918)
	at io.netty.channel.nio.AbstractNioByteChannel$NioByteUnsafe.read(AbstractNioByteChannel.java:166)
	at io.netty.channel.nio.NioEventLoop.processSelectedKey(NioEventLoop.java:788)
	at io.netty.channel.nio.NioEventLoop.processSelectedKeysOptimized(NioEventLoop.java:724)
	at io.netty.channel.nio.NioEventLoop.processSelectedKeys(NioEventLoop.java:650)
	at io.netty.channel.nio.NioEventLoop.run(NioEventLoop.java:562)
	at io.netty.util.concurrent.SingleThreadEventExecutor$4.run(SingleThreadEventExecutor.java:994)
	at io.netty.util.internal.ThreadExecutorMap$2.run(ThreadExecutorMap.java:74)
	at io.netty.util.concurrent.FastThreadLocalRunnable.run(FastThreadLocalRunnable.java:30)
	... 1 common frames omitted
{"timestamp":"2024-10-09 12:21:58", "level":"ERROR", "thread":"http-nio-8080-exec-1", "logger":"c.l.s.c.GlobalExceptionHandler", "message":"Unexpected error, address:http://localhost:8080/api/products, error message:"}
org.springframework.data.redis.RedisConnectionFailureException: Unable to connect to Redis
	at org.springframework.data.redis.connection.lettuce.LettuceConnectionFactory$ExceptionTranslatingConnectionProvider.translateException(LettuceConnectionFactory.java:1847)
	at org.springframework.data.redis.connection.lettuce.LettuceConnectionFactory$ExceptionTranslatingConnectionProvider.getConnection(LettuceConnectionFactory.java:1778)
	at org.springframework.data.redis.connection.lettuce.LettuceConnectionFactory$SharedConnection.getNativeConnection(LettuceConnectionFactory.java:1580)
	at org.springframework.data.redis.connection.lettuce.LettuceConnectionFactory$SharedConnection.lambda$getConnection$0(LettuceConnectionFactory.java:1560)
	at org.springframework.data.redis.connection.lettuce.LettuceConnectionFactory.doInLock(LettuceConnectionFactory.java:1521)
	at org.springframework.data.redis.connection.lettuce.LettuceConnectionFactory$SharedConnection.getConnection(LettuceConnectionFactory.java:1557)
	at org.springframework.data.redis.connection.lettuce.LettuceConnectionFactory.getSharedConnection(LettuceConnectionFactory.java:1243)
	at org.springframework.data.redis.connection.lettuce.LettuceConnectionFactory.getConnection(LettuceConnectionFactory.java:1049)
	at org.springframework.data.redis.core.RedisConnectionUtils.fetchConnection(RedisConnectionUtils.java:195)
	at org.springframework.data.redis.core.RedisConnectionUtils.doGetConnection(RedisConnectionUtils.java:144)
	at org.springframework.data.redis.core.RedisConnectionUtils.getConnection(RedisConnectionUtils.java:105)
	at org.springframework.data.redis.core.RedisTemplate.execute(RedisTemplate.java:383)
	at org.springframework.data.redis.core.RedisTemplate.execute(RedisTemplate.java:363)
	at org.springframework.data.redis.core.AbstractOperations.execute(AbstractOperations.java:97)
	at org.springframework.data.redis.core.DefaultListOperations.range(DefaultListOperations.java:159)
	at com.leopold.store.service.impl.ProductServiceImpl.findHotProducts(ProductServiceImpl.java:28)
	at java.base/jdk.internal.reflect.DirectMethodHandleAccessor.invoke(DirectMethodHandleAccessor.java:103)
	at java.base/java.lang.reflect.Method.invoke(Method.java:580)
	at org.springframework.aop.support.AopUtils.invokeJoinpointUsingReflection(AopUtils.java:354)
	at org.springframework.aop.framework.ReflectiveMethodInvocation.invokeJoinpoint(ReflectiveMethodInvocation.java:196)
	at org.springframework.aop.framework.ReflectiveMethodInvocation.proceed(ReflectiveMethodInvocation.java:163)
	at org.springframework.aop.framework.CglibAopProxy$CglibMethodInvocation.proceed(CglibAopProxy.java:768)
	at org.springframework.aop.aspectj.MethodInvocationProceedingJoinPoint.proceed(MethodInvocationProceedingJoinPoint.java:89)
	at com.leopold.store.aop.TimerAspect.around(TimerAspect.java:32)
	at java.base/jdk.internal.reflect.DirectMethodHandleAccessor.invoke(DirectMethodHandleAccessor.java:103)
	at java.base/java.lang.reflect.Method.invoke(Method.java:580)
	at org.springframework.aop.aspectj.AbstractAspectJAdvice.invokeAdviceMethodWithGivenArgs(AbstractAspectJAdvice.java:637)
	at org.springframework.aop.aspectj.AbstractAspectJAdvice.invokeAdviceMethod(AbstractAspectJAdvice.java:627)
	at org.springframework.aop.aspectj.AspectJAroundAdvice.invoke(AspectJAroundAdvice.java:71)
	at org.springframework.aop.framework.ReflectiveMethodInvocation.proceed(ReflectiveMethodInvocation.java:184)
	at org.springframework.aop.framework.CglibAopProxy$CglibMethodInvocation.proceed(CglibAopProxy.java:768)
	at org.springframework.transaction.interceptor.TransactionAspectSupport.invokeWithinTransaction(TransactionAspectSupport.java:379)
	at org.springframework.transaction.interceptor.TransactionInterceptor.invoke(TransactionInterceptor.java:119)
	at org.springframework.aop.framework.ReflectiveMethodInvocation.proceed(ReflectiveMethodInvocation.java:184)
	at org.springframework.aop.framework.CglibAopProxy$CglibMethodInvocation.proceed(CglibAopProxy.java:768)
	at org.springframework.aop.interceptor.ExposeInvocationInterceptor.invoke(ExposeInvocationInterceptor.java:97)
	at org.springframework.aop.framework.ReflectiveMethodInvocation.proceed(ReflectiveMethodInvocation.java:184)
	at org.springframework.aop.framework.CglibAopProxy$CglibMethodInvocation.proceed(CglibAopProxy.java:768)
	at org.springframework.aop.framework.CglibAopProxy$DynamicAdvisedInterceptor.intercept(CglibAopProxy.java:720)
	at com.leopold.store.service.impl.ProductServiceImpl$$SpringCGLIB$$0.findHotProducts(<generated>)
	at com.leopold.store.controller.ProductController.findHotProducts(ProductController.java:28)
	at java.base/jdk.internal.reflect.DirectMethodHandleAccessor.invoke(DirectMethodHandleAccessor.java:103)
	at java.base/java.lang.reflect.Method.invoke(Method.java:580)
	at org.springframework.web.method.support.InvocableHandlerMethod.doInvoke(InvocableHandlerMethod.java:255)
	at org.springframework.web.method.support.InvocableHandlerMethod.invokeForRequest(InvocableHandlerMethod.java:188)
	at org.springframework.web.servlet.mvc.method.annotation.ServletInvocableHandlerMethod.invokeAndHandle(ServletInvocableHandlerMethod.java:118)
	at org.springframework.web.servlet.mvc.method.annotation.RequestMappingHandlerAdapter.invokeHandlerMethod(RequestMappingHandlerAdapter.java:926)
	at org.springframework.web.servlet.mvc.method.annotation.RequestMappingHandlerAdapter.handleInternal(RequestMappingHandlerAdapter.java:831)
	at org.springframework.web.servlet.mvc.method.AbstractHandlerMethodAdapter.handle(AbstractHandlerMethodAdapter.java:87)
	at org.springframework.web.servlet.DispatcherServlet.doDispatch(DispatcherServlet.java:1089)
	at org.springframework.web.servlet.DispatcherServlet.doService(DispatcherServlet.java:979)
	at org.springframework.web.servlet.FrameworkServlet.processRequest(FrameworkServlet.java:1014)
	at org.springframework.web.servlet.FrameworkServlet.doGet(FrameworkServlet.java:903)
	at jakarta.servlet.http.HttpServlet.service(HttpServlet.java:564)
	at org.springframework.web.servlet.FrameworkServlet.service(FrameworkServlet.java:885)
	at jakarta.servlet.http.HttpServlet.service(HttpServlet.java:658)
	at org.apache.catalina.core.ApplicationFilterChain.internalDoFilter(ApplicationFilterChain.java:195)
	at org.apache.catalina.core.ApplicationFilterChain.doFilter(ApplicationFilterChain.java:140)
	at org.apache.tomcat.websocket.server.WsFilter.doFilter(WsFilter.java:51)
	at org.apache.catalina.core.ApplicationFilterChain.internalDoFilter(ApplicationFilterChain.java:164)
	at org.apache.catalina.core.ApplicationFilterChain.doFilter(ApplicationFilterChain.java:140)
	at org.springframework.web.filter.RequestContextFilter.doFilterInternal(RequestContextFilter.java:100)
	at org.springframework.web.filter.OncePerRequestFilter.doFilter(OncePerRequestFilter.java:116)
	at org.apache.catalina.core.ApplicationFilterChain.internalDoFilter(ApplicationFilterChain.java:164)
	at org.apache.catalina.core.ApplicationFilterChain.doFilter(ApplicationFilterChain.java:140)
	at org.springframework.web.filter.FormContentFilter.doFilterInternal(FormContentFilter.java:93)
	at org.springframework.web.filter.OncePerRequestFilter.doFilter(OncePerRequestFilter.java:116)
	at org.apache.catalina.core.ApplicationFilterChain.internalDoFilter(ApplicationFilterChain.java:164)
	at org.apache.catalina.core.ApplicationFilterChain.doFilter(ApplicationFilterChain.java:140)
	at org.springframework.web.filter.CharacterEncodingFilter.doFilterInternal(CharacterEncodingFilter.java:201)
	at org.springframework.web.filter.OncePerRequestFilter.doFilter(OncePerRequestFilter.java:116)
	at org.apache.catalina.core.ApplicationFilterChain.internalDoFilter(ApplicationFilterChain.java:164)
	at org.apache.catalina.core.ApplicationFilterChain.doFilter(ApplicationFilterChain.java:140)
	at org.apache.catalina.core.StandardWrapperValve.invoke(StandardWrapperValve.java:167)
	at org.apache.catalina.core.StandardContextValve.invoke(StandardContextValve.java:90)
	at org.apache.catalina.authenticator.AuthenticatorBase.invoke(AuthenticatorBase.java:483)
	at org.apache.catalina.core.StandardHostValve.invoke(StandardHostValve.java:115)
	at org.apache.catalina.valves.ErrorReportValve.invoke(ErrorReportValve.java:93)
	at org.apache.catalina.core.StandardEngineValve.invoke(StandardEngineValve.java:74)
	at org.apache.catalina.connector.CoyoteAdapter.service(CoyoteAdapter.java:344)
	at org.apache.coyote.http11.Http11Processor.service(Http11Processor.java:389)
	at org.apache.coyote.AbstractProcessorLight.process(AbstractProcessorLight.java:63)
	at org.apache.coyote.AbstractProtocol$ConnectionHandler.process(AbstractProtocol.java:904)
	at org.apache.tomcat.util.net.NioEndpoint$SocketProcessor.doRun(NioEndpoint.java:1741)
	at org.apache.tomcat.util.net.SocketProcessorBase.run(SocketProcessorBase.java:52)
	at org.apache.tomcat.util.threads.ThreadPoolExecutor.runWorker(ThreadPoolExecutor.java:1190)
	at org.apache.tomcat.util.threads.ThreadPoolExecutor$Worker.run(ThreadPoolExecutor.java:659)
	at org.apache.tomcat.util.threads.TaskThread$WrappingRunnable.run(TaskThread.java:63)
	at java.base/java.lang.Thread.run(Thread.java:1570)
Caused by: io.lettuce.core.RedisConnectionException: Unable to connect to localhost/<unresolved>:6379
	at io.lettuce.core.RedisConnectionException.create(RedisConnectionException.java:78)
	at io.lettuce.core.RedisConnectionException.create(RedisConnectionException.java:56)
	at io.lettuce.core.AbstractRedisClient.getConnection(AbstractRedisClient.java:350)
	at io.lettuce.core.RedisClient.connect(RedisClient.java:215)
	at org.springframework.data.redis.connection.lettuce.StandaloneConnectionProvider.lambda$getConnection$1(StandaloneConnectionProvider.java:112)
	at java.base/java.util.Optional.orElseGet(Optional.java:364)
	at org.springframework.data.redis.connection.lettuce.StandaloneConnectionProvider.getConnection(StandaloneConnectionProvider.java:112)
	at org.springframework.data.redis.connection.lettuce.LettuceConnectionFactory$ExceptionTranslatingConnectionProvider.getConnection(LettuceConnectionFactory.java:1776)
	... 87 common frames omitted
Caused by: io.lettuce.core.RedisCommandExecutionException: ERR Client sent AUTH, but no password is set
	at io.lettuce.core.internal.ExceptionFactory.createExecutionException(ExceptionFactory.java:147)
	at io.lettuce.core.internal.ExceptionFactory.createExecutionException(ExceptionFactory.java:116)
	at io.lettuce.core.protocol.AsyncCommand.completeResult(AsyncCommand.java:120)
	at io.lettuce.core.protocol.AsyncCommand.complete(AsyncCommand.java:111)
	at io.lettuce.core.protocol.CommandHandler.complete(CommandHandler.java:745)
	at io.lettuce.core.protocol.CommandHandler.decode(CommandHandler.java:680)
	at io.lettuce.core.protocol.CommandHandler.channelRead(CommandHandler.java:597)
	at io.netty.channel.AbstractChannelHandlerContext.invokeChannelRead(AbstractChannelHandlerContext.java:442)
	at io.netty.channel.AbstractChannelHandlerContext.invokeChannelRead(AbstractChannelHandlerContext.java:420)
	at io.netty.channel.AbstractChannelHandlerContext.fireChannelRead(AbstractChannelHandlerContext.java:412)
	at io.netty.channel.DefaultChannelPipeline$HeadContext.channelRead(DefaultChannelPipeline.java:1407)
	at io.netty.channel.AbstractChannelHandlerContext.invokeChannelRead(AbstractChannelHandlerContext.java:440)
	at io.netty.channel.AbstractChannelHandlerContext.invokeChannelRead(AbstractChannelHandlerContext.java:420)
	at io.netty.channel.DefaultChannelPipeline.fireChannelRead(DefaultChannelPipeline.java:918)
	at io.netty.channel.nio.AbstractNioByteChannel$NioByteUnsafe.read(AbstractNioByteChannel.java:166)
	at io.netty.channel.nio.NioEventLoop.processSelectedKey(NioEventLoop.java:788)
	at io.netty.channel.nio.NioEventLoop.processSelectedKeysOptimized(NioEventLoop.java:724)
	at io.netty.channel.nio.NioEventLoop.processSelectedKeys(NioEventLoop.java:650)
	at io.netty.channel.nio.NioEventLoop.run(NioEventLoop.java:562)
	at io.netty.util.concurrent.SingleThreadEventExecutor$4.run(SingleThreadEventExecutor.java:994)
	at io.netty.util.internal.ThreadExecutorMap$2.run(ThreadExecutorMap.java:74)
	at io.netty.util.concurrent.FastThreadLocalRunnable.run(FastThreadLocalRunnable.java:30)
	... 1 common frames omitted
{"timestamp":"2024-10-09 12:22:30", "level":"INFO", "thread":"main", "logger":"com.leopold.store.StoreApplication", "message":"Starting StoreApplication using Java 22.0.1 with PID 21552 (D:\Program_Data\java_programs\store\target\classes started by 77921 in D:\Program_Data\java_programs\store)"}
{"timestamp":"2024-10-09 12:22:30", "level":"INFO", "thread":"main", "logger":"com.leopold.store.StoreApplication", "message":"No active profile set, falling back to 1 default profile: "default""}
{"timestamp":"2024-10-09 12:22:31", "level":"WARN", "thread":"main", "logger":"o.m.s.mapper.ClassPathMapperScanner", "message":"No MyBatis mapper was found in '[com.leopold.store]' package. Please check your configuration."}
{"timestamp":"2024-10-09 12:22:32", "level":"WARN", "thread":"main", "logger":"org.hibernate.orm.deprecation", "message":"HHH90000025: MySQLDialect does not need to be specified explicitly using 'hibernate.dialect' (remove the property setting and it will be selected by default)"}
{"timestamp":"2024-10-09 12:22:34", "level":"WARN", "thread":"main", "logger":"o.s.b.a.o.j.JpaBaseConfiguration$JpaWebConfiguration", "message":"spring.jpa.open-in-view is enabled by default. Therefore, database queries may be performed during view rendering. Explicitly configure spring.jpa.open-in-view to disable this warning"}
{"timestamp":"2024-10-09 12:22:34", "level":"INFO", "thread":"main", "logger":"com.leopold.store.StoreApplication", "message":"Started StoreApplication in 4.69 seconds (process running for 5.153)"}
{"timestamp":"2024-10-09 12:22:39", "level":"INFO", "thread":"http-nio-8080-exec-2", "logger":"com.leopold.store.aop.TimerAspect", "message":"Request [9aebe4da-b082-422c-a1ee-b5acfde8f1a4] - Method [ProductServiceImpl.findHotProducts()] finished. Time elapsed: 442ms"}
{"timestamp":"2024-10-09 12:22:43", "level":"INFO", "thread":"http-nio-8080-exec-8", "logger":"com.leopold.store.aop.TimerAspect", "message":"Request [6e53d7cb-c100-4f3e-aa7c-dea34845b928] - Method [ProductServiceImpl.findHotProducts()] finished. Time elapsed: 36ms"}
{"timestamp":"2024-10-09 12:22:45", "level":"INFO", "thread":"http-nio-8080-exec-10", "logger":"com.leopold.store.aop.TimerAspect", "message":"Request [06857036-8bc9-4525-811e-8996fee0c221] - Method [ProductServiceImpl.findHotProducts()] finished. Time elapsed: 2ms"}
{"timestamp":"2024-10-09 12:22:46", "level":"INFO", "thread":"http-nio-8080-exec-2", "logger":"com.leopold.store.aop.TimerAspect", "message":"Request [bc755ba7-b987-405e-93ee-411ec2df26ca] - Method [ProductServiceImpl.findHotProducts()] finished. Time elapsed: 2ms"}
{"timestamp":"2024-10-09 12:22:48", "level":"INFO", "thread":"http-nio-8080-exec-3", "logger":"com.leopold.store.aop.TimerAspect", "message":"Request [7d71d5f4-06ce-4685-accd-d0ff4ed345e8] - Method [ProductServiceImpl.findHotProducts()] finished. Time elapsed: 2ms"}
{"timestamp":"2024-10-09 12:22:50", "level":"INFO", "thread":"http-nio-8080-exec-5", "logger":"com.leopold.store.aop.TimerAspect", "message":"Request [d224dd22-0120-41bd-9cc4-76b9393d7724] - Method [ProductServiceImpl.findHotProducts()] finished. Time elapsed: 2ms"}
{"timestamp":"2024-10-09 12:23:35", "level":"INFO", "thread":"http-nio-8080-exec-9", "logger":"com.leopold.store.aop.TimerAspect", "message":"Request [ab13a654-e440-4baa-b83b-f4c6830e19ca] - Method [UserServiceImpl.login(..)] finished. Time elapsed: 22ms"}
{"timestamp":"2024-10-09 12:23:35", "level":"INFO", "thread":"http-nio-8080-exec-3", "logger":"com.leopold.store.aop.TimerAspect", "message":"Request [34015a9c-6903-4d9e-825d-432c40bd4cf5] - Method [ProductServiceImpl.findHotProducts()] finished. Time elapsed: 1ms"}
{"timestamp":"2024-10-09 12:23:38", "level":"INFO", "thread":"http-nio-8080-exec-6", "logger":"com.leopold.store.aop.TimerAspect", "message":"Request [63b071ef-8440-4e57-90e7-de8b3513f16c] - Method [ProductServiceImpl.findProductByID(..)] finished. Time elapsed: 3ms"}
{"timestamp":"2024-10-09 12:23:40", "level":"INFO", "thread":"http-nio-8080-exec-5", "logger":"com.leopold.store.aop.TimerAspect", "message":"Request [0b0e1828-2a35-4d23-b837-80bb932fe4d9] - Method [ProductServiceImpl.findProductByID(..)] finished. Time elapsed: 3ms"}
{"timestamp":"2024-10-09 12:24:08", "level":"INFO", "thread":"http-nio-8080-exec-3", "logger":"com.leopold.store.aop.TimerAspect", "message":"Request [56a73e3c-6617-46db-9d2f-33079f7af39c] - Method [ProductServiceImpl.findHotProducts()] finished. Time elapsed: 1ms"}
{"timestamp":"2024-10-09 12:24:14", "level":"INFO", "thread":"http-nio-8080-exec-10", "logger":"com.leopold.store.aop.TimerAspect", "message":"Request [33a633a5-f919-4e3a-952b-ec188c03cd84] - Method [CartServiceImpl.displayCartDTO(..)] finished. Time elapsed: 19ms"}
{"timestamp":"2024-10-09 12:24:18", "level":"INFO", "thread":"http-nio-8080-exec-4", "logger":"com.leopold.store.aop.TimerAspect", "message":"Request [d48fec76-bf47-4826-af4e-1e1214e52064] - Method [UserServiceImpl.findUserById(..)] finished. Time elapsed: 3ms"}
{"timestamp":"2024-10-09 12:24:22", "level":"INFO", "thread":"http-nio-8080-exec-4", "logger":"com.leopold.store.aop.TimerAspect", "message":"Request [5b53cc4f-cf70-42e4-aca6-c5b50a0907a8] - Method [AddressServiceImpl.findAddressByUser(..)] finished. Time elapsed: 9ms"}
{"timestamp":"2024-10-09 12:24:26", "level":"INFO", "thread":"http-nio-8080-exec-3", "logger":"com.leopold.store.aop.TimerAspect", "message":"Request [0dac7f0f-0321-4c66-a0ac-2cd814650a3f] - Method [ProductServiceImpl.findHotProducts()] finished. Time elapsed: 2ms"}
{"timestamp":"2024-10-09 14:30:06", "level":"INFO", "thread":"main", "logger":"com.leopold.store.StoreApplication", "message":"Starting StoreApplication using Java 22.0.1 with PID 19392 (D:\Program_Data\java_programs\store\target\classes started by 77921 in D:\Program_Data\java_programs\store)"}
{"timestamp":"2024-10-09 14:30:06", "level":"INFO", "thread":"main", "logger":"com.leopold.store.StoreApplication", "message":"No active profile set, falling back to 1 default profile: "default""}
{"timestamp":"2024-10-09 14:30:07", "level":"WARN", "thread":"main", "logger":"o.m.s.mapper.ClassPathMapperScanner", "message":"No MyBatis mapper was found in '[com.leopold.store]' package. Please check your configuration."}
{"timestamp":"2024-10-09 14:30:09", "level":"WARN", "thread":"main", "logger":"org.hibernate.orm.deprecation", "message":"HHH90000025: MySQLDialect does not need to be specified explicitly using 'hibernate.dialect' (remove the property setting and it will be selected by default)"}
{"timestamp":"2024-10-09 14:30:11", "level":"WARN", "thread":"main", "logger":"o.s.b.a.o.j.JpaBaseConfiguration$JpaWebConfiguration", "message":"spring.jpa.open-in-view is enabled by default. Therefore, database queries may be performed during view rendering. Explicitly configure spring.jpa.open-in-view to disable this warning"}
{"timestamp":"2024-10-09 14:30:12", "level":"INFO", "thread":"main", "logger":"com.leopold.store.StoreApplication", "message":"Started StoreApplication in 7.048 seconds (process running for 8.04)"}
{"timestamp":"2024-10-09 14:30:20", "level":"INFO", "thread":"http-nio-8080-exec-3", "logger":"com.leopold.store.aop.TimerAspect", "message":"Request [5cae26ad-2bed-4b3b-b7ce-48020a0560dc] - Method [UserServiceImpl.login(..)] finished. Time elapsed: 112ms"}
{"timestamp":"2024-10-09 14:30:22", "level":"INFO", "thread":"http-nio-8080-exec-4", "logger":"com.leopold.store.aop.TimerAspect", "message":"Request [051a8b69-a2e8-4297-ad30-952c5f3175d4] - Method [ProductServiceImpl.findHotProducts()] finished. Time elapsed: 487ms"}
{"timestamp":"2024-10-09 14:30:29", "level":"INFO", "thread":"http-nio-8080-exec-8", "logger":"com.leopold.store.aop.TimerAspect", "message":"Request [ed86e7d5-03fb-4ad5-ac28-a1364e916388] - Method [ProductServiceImpl.findHotProducts()] finished. Time elapsed: 10ms"}
{"timestamp":"2024-10-09 14:30:32", "level":"INFO", "thread":"http-nio-8080-exec-10", "logger":"com.leopold.store.aop.TimerAspect", "message":"Request [cc313573-00cd-4f5b-aff0-fb1c1c63d83d] - Method [CartServiceImpl.displayCartDTO(..)] finished. Time elapsed: 34ms"}
{"timestamp":"2024-10-09 14:30:35", "level":"INFO", "thread":"http-nio-8080-exec-10", "logger":"com.leopold.store.aop.TimerAspect", "message":"Request [d145ac87-3d28-4412-8a8d-0bba6891e60d] - Method [CartServiceImpl.displayCartDTO(..)] finished. Time elapsed: 12ms"}
{"timestamp":"2024-10-09 14:31:18", "level":"INFO", "thread":"http-nio-8080-exec-7", "logger":"com.leopold.store.aop.TimerAspect", "message":"Request [82ca6626-19a9-471a-be64-bc44ebe2d76b] - Method [CartServiceImpl.displayCartDTO(..)] finished. Time elapsed: 15ms"}
{"timestamp":"2024-10-09 14:32:19", "level":"INFO", "thread":"http-nio-8080-exec-8", "logger":"com.leopold.store.aop.TimerAspect", "message":"Request [0d132e92-6995-44bd-9ff4-a147b9ab7a65] - Method [ProductServiceImpl.findHotProducts()] finished. Time elapsed: 2ms"}
{"timestamp":"2024-10-09 14:33:08", "level":"INFO", "thread":"http-nio-8080-exec-2", "logger":"com.leopold.store.aop.TimerAspect", "message":"Request [3a9ed16e-8696-454f-a95a-f14beb3ef0ec] - Method [CartServiceImpl.displayCartDTO(..)] finished. Time elapsed: 11ms"}
{"timestamp":"2024-10-09 14:33:15", "level":"INFO", "thread":"http-nio-8080-exec-4", "logger":"com.leopold.store.aop.TimerAspect", "message":"Request [de5fedaa-ccc0-4a44-978d-62717ed6a6e6] - Method [ProductServiceImpl.findHotProducts()] finished. Time elapsed: 3ms"}
{"timestamp":"2024-10-09 14:33:53", "level":"INFO", "thread":"http-nio-8080-exec-7", "logger":"com.leopold.store.aop.TimerAspect", "message":"Request [0e176c95-1279-401f-86b4-cf0fb816d1c4] - Method [AddressServiceImpl.findAddressByUser(..)] finished. Time elapsed: 14ms"}
{"timestamp":"2024-10-09 14:33:56", "level":"INFO", "thread":"http-nio-8080-exec-1", "logger":"com.leopold.store.aop.TimerAspect", "message":"Request [e9850493-20c8-47ea-8994-a2e7e2ac2936] - Method [DistrictServiceImpl.findDistrictByParent(..)] finished. Time elapsed: 20ms"}
{"timestamp":"2024-10-09 14:45:47", "level":"INFO", "thread":"main", "logger":"com.leopold.store.StoreApplication", "message":"Starting StoreApplication using Java 22.0.1 with PID 20988 (D:\Program_Data\java_programs\store\target\classes started by 77921 in D:\Program_Data\java_programs\store)"}
{"timestamp":"2024-10-09 14:45:47", "level":"INFO", "thread":"main", "logger":"com.leopold.store.StoreApplication", "message":"No active profile set, falling back to 1 default profile: "default""}
{"timestamp":"2024-10-09 14:45:48", "level":"WARN", "thread":"main", "logger":"o.m.s.mapper.ClassPathMapperScanner", "message":"No MyBatis mapper was found in '[com.leopold.store]' package. Please check your configuration."}
{"timestamp":"2024-10-09 14:45:50", "level":"WARN", "thread":"main", "logger":"org.hibernate.orm.deprecation", "message":"HHH90000025: MySQLDialect does not need to be specified explicitly using 'hibernate.dialect' (remove the property setting and it will be selected by default)"}
{"timestamp":"2024-10-09 14:45:52", "level":"WARN", "thread":"main", "logger":"o.s.b.a.o.j.JpaBaseConfiguration$JpaWebConfiguration", "message":"spring.jpa.open-in-view is enabled by default. Therefore, database queries may be performed during view rendering. Explicitly configure spring.jpa.open-in-view to disable this warning"}
{"timestamp":"2024-10-09 14:45:53", "level":"INFO", "thread":"main", "logger":"com.leopold.store.StoreApplication", "message":"Started StoreApplication in 6.385 seconds (process running for 7.061)"}
{"timestamp":"2024-10-09 14:45:59", "level":"INFO", "thread":"http-nio-8080-exec-3", "logger":"com.leopold.store.aop.TimerAspect", "message":"Request [8548384f-8bfd-4bcd-a8d3-58d85e83f446] - Method [ProductServiceImpl.findHotProducts()] finished. Time elapsed: 479ms"}
{"timestamp":"2024-10-09 14:46:03", "level":"INFO", "thread":"http-nio-8080-exec-5", "logger":"com.leopold.store.aop.TimerAspect", "message":"Request [b7d7f609-2555-4413-b844-c3f9c59461dc] - Method [UserServiceImpl.login(..)] finished. Time elapsed: 89ms"}
{"timestamp":"2024-10-09 14:46:04", "level":"INFO", "thread":"http-nio-8080-exec-6", "logger":"com.leopold.store.aop.TimerAspect", "message":"Request [bb732bf7-3173-4dba-8f2f-71e558c1bd5b] - Method [ProductServiceImpl.findHotProducts()] finished. Time elapsed: 1ms"}
{"timestamp":"2024-10-09 14:46:05", "level":"INFO", "thread":"http-nio-8080-exec-8", "logger":"com.leopold.store.aop.TimerAspect", "message":"Request [12e84e4f-e5c5-4b33-a6f0-7aefb82252ab] - Method [CartServiceImpl.displayCartDTO(..)] finished. Time elapsed: 40ms"}
{"timestamp":"2024-10-09 14:46:07", "level":"INFO", "thread":"http-nio-8080-exec-10", "logger":"com.leopold.store.aop.TimerAspect", "message":"Request [63f9cfd6-c548-4562-b38d-5592807c34cc] - Method [AddressServiceImpl.findAddressByUser(..)] finished. Time elapsed: 9ms"}
{"timestamp":"2024-10-09 14:46:09", "level":"INFO", "thread":"http-nio-8080-exec-3", "logger":"com.leopold.store.aop.TimerAspect", "message":"Request [61ac5041-2ca9-4172-9af6-a8d234b1c31e] - Method [AddressServiceImpl.findAddressByUser(..)] finished. Time elapsed: 12ms"}
{"timestamp":"2024-10-09 14:46:13", "level":"INFO", "thread":"http-nio-8080-exec-4", "logger":"com.leopold.store.aop.TimerAspect", "message":"Request [e048539d-d833-4006-a571-0b82ec3777e9] - Method [UserServiceImpl.findUserById(..)] finished. Time elapsed: 5ms"}
{"timestamp":"2024-10-09 14:46:15", "level":"INFO", "thread":"http-nio-8080-exec-5", "logger":"com.leopold.store.aop.TimerAspect", "message":"Request [548b6ee8-907d-41fb-9ac3-77d0922975ed] - Method [AddressServiceImpl.findAddressByUser(..)] finished. Time elapsed: 10ms"}
{"timestamp":"2024-10-09 14:46:16", "level":"INFO", "thread":"http-nio-8080-exec-3", "logger":"com.leopold.store.aop.TimerAspect", "message":"Request [02d9d573-13c5-41eb-a588-2180429c7852] - Method [DistrictServiceImpl.findDistrictByParent(..)] finished. Time elapsed: 10ms"}
{"timestamp":"2024-10-09 14:46:21", "level":"INFO", "thread":"http-nio-8080-exec-8", "logger":"com.leopold.store.aop.TimerAspect", "message":"Request [64712e9d-8395-4912-87a3-a2cf8ffc6624] - Method [DistrictServiceImpl.findDistrictByParent(..)] finished. Time elapsed: 6ms"}
{"timestamp":"2024-10-09 14:46:24", "level":"INFO", "thread":"http-nio-8080-exec-10", "logger":"com.leopold.store.aop.TimerAspect", "message":"Request [06786273-c850-4304-a573-7b6ee1cfe7b4] - Method [CartServiceImpl.displayCartDTO(..)] finished. Time elapsed: 13ms"}
{"timestamp":"2024-10-09 14:50:12", "level":"INFO", "thread":"main", "logger":"com.leopold.store.StoreApplication", "message":"Starting StoreApplication using Java 22.0.1 with PID 12100 (D:\Program_Data\java_programs\store\target\classes started by 77921 in D:\Program_Data\java_programs\store)"}
{"timestamp":"2024-10-09 14:50:12", "level":"INFO", "thread":"main", "logger":"com.leopold.store.StoreApplication", "message":"No active profile set, falling back to 1 default profile: "default""}
{"timestamp":"2024-10-09 14:50:13", "level":"WARN", "thread":"main", "logger":"o.m.s.mapper.ClassPathMapperScanner", "message":"No MyBatis mapper was found in '[com.leopold.store]' package. Please check your configuration."}
{"timestamp":"2024-10-09 14:50:15", "level":"WARN", "thread":"main", "logger":"org.hibernate.orm.deprecation", "message":"HHH90000025: MySQLDialect does not need to be specified explicitly using 'hibernate.dialect' (remove the property setting and it will be selected by default)"}
{"timestamp":"2024-10-09 14:50:17", "level":"WARN", "thread":"main", "logger":"o.s.b.a.o.j.JpaBaseConfiguration$JpaWebConfiguration", "message":"spring.jpa.open-in-view is enabled by default. Therefore, database queries may be performed during view rendering. Explicitly configure spring.jpa.open-in-view to disable this warning"}
{"timestamp":"2024-10-09 14:50:18", "level":"INFO", "thread":"main", "logger":"com.leopold.store.StoreApplication", "message":"Started StoreApplication in 6.317 seconds (process running for 7.099)"}
{"timestamp":"2024-10-09 14:50:20", "level":"INFO", "thread":"http-nio-8080-exec-3", "logger":"com.leopold.store.aop.TimerAspect", "message":"Request [7a78df76-f7dd-4e9b-a237-596fa32c95f9] - Method [ProductServiceImpl.findHotProducts()] finished. Time elapsed: 513ms"}
{"timestamp":"2024-10-09 14:50:25", "level":"INFO", "thread":"http-nio-8080-exec-5", "logger":"com.leopold.store.aop.TimerAspect", "message":"Request [22c116fc-75dd-4c6b-b2b8-9f52a4054190] - Method [UserServiceImpl.login(..)] finished. Time elapsed: 85ms"}
{"timestamp":"2024-10-09 14:50:26", "level":"INFO", "thread":"http-nio-8080-exec-6", "logger":"com.leopold.store.aop.TimerAspect", "message":"Request [8c11ae4d-2547-432a-8aab-4074a6311b4d] - Method [ProductServiceImpl.findHotProducts()] finished. Time elapsed: 1ms"}
{"timestamp":"2024-10-09 14:50:29", "level":"INFO", "thread":"http-nio-8080-exec-8", "logger":"com.leopold.store.aop.TimerAspect", "message":"Request [6ab2c488-f567-4dc0-9883-d618165d7a3a] - Method [CartServiceImpl.displayCartDTO(..)] finished. Time elapsed: 38ms"}
{"timestamp":"2024-10-09 14:50:41", "level":"INFO", "thread":"http-nio-8080-exec-8", "logger":"com.leopold.store.aop.TimerAspect", "message":"Request [6b09f802-1d7d-4dfb-81d6-b2a248e04f28] - Method [CartServiceImpl.displayCartDTO(..)] finished. Time elapsed: 12ms"}
{"timestamp":"2024-10-09 14:55:46", "level":"INFO", "thread":"http-nio-8080-exec-8", "logger":"com.leopold.store.aop.TimerAspect", "message":"Request [ddc7786a-a30e-402f-a02c-c8a863f2e1bb] - Method [CartServiceImpl.displayCartDTO(..)] finished. Time elapsed: 12ms"}
{"timestamp":"2024-10-09 14:55:48", "level":"INFO", "thread":"http-nio-8080-exec-5", "logger":"com.leopold.store.aop.TimerAspect", "message":"Request [f941fadd-7243-463b-b34d-0e23e39bbe89] - Method [UserServiceImpl.findUserById(..)] finished. Time elapsed: 4ms"}
{"timestamp":"2024-10-09 14:55:53", "level":"INFO", "thread":"http-nio-8080-exec-4", "logger":"com.leopold.store.aop.TimerAspect", "message":"Request [c748606f-98b1-4824-b73d-84ab76c812c9] - Method [UserServiceImpl.findUserById(..)] finished. Time elapsed: 4ms"}
{"timestamp":"2024-10-09 14:56:03", "level":"INFO", "thread":"http-nio-8080-exec-1", "logger":"com.leopold.store.aop.TimerAspect", "message":"Request [9f3bcbe2-859d-4e22-82ec-9237a55acf75] - Method [AddressServiceImpl.findAddressByUser(..)] finished. Time elapsed: 10ms"}
{"timestamp":"2024-10-09 15:14:32", "level":"INFO", "thread":"main", "logger":"com.leopold.store.StoreApplication", "message":"Starting StoreApplication using Java 22.0.1 with PID 15752 (D:\Program_Data\java_programs\store\target\classes started by 77921 in D:\Program_Data\java_programs\store)"}
{"timestamp":"2024-10-09 15:14:32", "level":"INFO", "thread":"main", "logger":"com.leopold.store.StoreApplication", "message":"No active profile set, falling back to 1 default profile: "default""}
{"timestamp":"2024-10-09 15:14:33", "level":"WARN", "thread":"main", "logger":"o.m.s.mapper.ClassPathMapperScanner", "message":"No MyBatis mapper was found in '[com.leopold.store]' package. Please check your configuration."}
{"timestamp":"2024-10-09 15:14:34", "level":"WARN", "thread":"main", "logger":"org.hibernate.orm.deprecation", "message":"HHH90000025: MySQLDialect does not need to be specified explicitly using 'hibernate.dialect' (remove the property setting and it will be selected by default)"}
{"timestamp":"2024-10-09 15:14:36", "level":"WARN", "thread":"main", "logger":"o.s.b.a.o.j.JpaBaseConfiguration$JpaWebConfiguration", "message":"spring.jpa.open-in-view is enabled by default. Therefore, database queries may be performed during view rendering. Explicitly configure spring.jpa.open-in-view to disable this warning"}
{"timestamp":"2024-10-09 15:14:37", "level":"INFO", "thread":"main", "logger":"com.leopold.store.StoreApplication", "message":"Started StoreApplication in 4.995 seconds (process running for 5.674)"}
{"timestamp":"2024-10-09 15:16:59", "level":"INFO", "thread":"http-nio-8080-exec-2", "logger":"com.leopold.store.aop.TimerAspect", "message":"Request [ad778415-c863-4ead-a677-54c5655f5804] - Method [UserServiceImpl.login(..)] finished. Time elapsed: 79ms"}
{"timestamp":"2024-10-09 15:17:00", "level":"INFO", "thread":"http-nio-8080-exec-5", "logger":"com.leopold.store.aop.TimerAspect", "message":"Request [6b1a6391-00b1-4ff5-b370-698a52620a19] - Method [ProductServiceImpl.findHotProducts()] finished. Time elapsed: 381ms"}
{"timestamp":"2024-10-09 15:17:03", "level":"INFO", "thread":"http-nio-8080-exec-8", "logger":"com.leopold.store.aop.TimerAspect", "message":"Request [1589ce86-9ecd-4739-a2fb-99da3ddd4fa9] - Method [UserServiceImpl.findUserById(..)] finished. Time elapsed: 6ms"}
{"timestamp":"2024-10-09 15:17:05", "level":"INFO", "thread":"http-nio-8080-exec-1", "logger":"com.leopold.store.aop.TimerAspect", "message":"Request [0263bedb-5a84-478d-8c7c-5614f2d85109] - Method [AddressServiceImpl.findAddressByUser(..)] finished. Time elapsed: 16ms"}
{"timestamp":"2024-10-09 15:17:29", "level":"INFO", "thread":"http-nio-8080-exec-4", "logger":"com.leopold.store.aop.TimerAspect", "message":"Request [930b474e-e78e-4d49-ac73-dbb01e8775cc] - Method [UserServiceImpl.findUserById(..)] finished. Time elapsed: 3ms"}
{"timestamp":"2024-10-09 15:17:31", "level":"INFO", "thread":"http-nio-8080-exec-6", "logger":"com.leopold.store.aop.TimerAspect", "message":"Request [f0deb779-3c46-47d7-8243-25a5d285c951] - Method [AddressServiceImpl.findAddressByUser(..)] finished. Time elapsed: 8ms"}
{"timestamp":"2024-10-09 15:17:32", "level":"INFO", "thread":"http-nio-8080-exec-9", "logger":"com.leopold.store.aop.TimerAspect", "message":"Request [411df8b6-aaa1-4a49-8dcb-01159b2f385d] - Method [CartServiceImpl.displayCartDTO(..)] finished. Time elapsed: 25ms"}
{"timestamp":"2024-10-09 15:17:43", "level":"INFO", "thread":"http-nio-8080-exec-4", "logger":"com.leopold.store.aop.TimerAspect", "message":"Request [bf85e2da-6252-435b-9250-bba94c63b28c] - Method [CartServiceImpl.displayCartDTO(..)] finished. Time elapsed: 11ms"}
{"timestamp":"2024-10-09 15:17:46", "level":"INFO", "thread":"http-nio-8080-exec-5", "logger":"com.leopold.store.aop.TimerAspect", "message":"Request [b456cb36-2481-4341-9ac8-7fe0215b1ff4] - Method [ProductServiceImpl.findHotProducts()] finished. Time elapsed: 1ms"}
{"timestamp":"2024-10-09 15:23:25", "level":"INFO", "thread":"main", "logger":"com.leopold.store.StoreApplication", "message":"Starting StoreApplication using Java 22.0.1 with PID 21620 (D:\Program_Data\java_programs\store\target\classes started by 77921 in D:\Program_Data\java_programs\store)"}
{"timestamp":"2024-10-09 15:23:25", "level":"INFO", "thread":"main", "logger":"com.leopold.store.StoreApplication", "message":"No active profile set, falling back to 1 default profile: "default""}
{"timestamp":"2024-10-09 15:23:26", "level":"WARN", "thread":"main", "logger":"o.m.s.mapper.ClassPathMapperScanner", "message":"No MyBatis mapper was found in '[com.leopold.store]' package. Please check your configuration."}
{"timestamp":"2024-10-09 15:23:28", "level":"WARN", "thread":"main", "logger":"org.hibernate.orm.deprecation", "message":"HHH90000025: MySQLDialect does not need to be specified explicitly using 'hibernate.dialect' (remove the property setting and it will be selected by default)"}
{"timestamp":"2024-10-09 15:23:30", "level":"WARN", "thread":"main", "logger":"o.s.b.a.o.j.JpaBaseConfiguration$JpaWebConfiguration", "message":"spring.jpa.open-in-view is enabled by default. Therefore, database queries may be performed during view rendering. Explicitly configure spring.jpa.open-in-view to disable this warning"}
{"timestamp":"2024-10-09 15:23:31", "level":"INFO", "thread":"main", "logger":"com.leopold.store.StoreApplication", "message":"Started StoreApplication in 5.892 seconds (process running for 6.585)"}
{"timestamp":"2024-10-09 15:23:37", "level":"INFO", "thread":"http-nio-8080-exec-1", "logger":"com.leopold.store.aop.TimerAspect", "message":"Request [dbc2d690-4516-45ab-8f76-3d9ae5f89bef] - Method [UserServiceImpl.login(..)] finished. Time elapsed: 86ms"}
{"timestamp":"2024-10-09 15:23:38", "level":"INFO", "thread":"http-nio-8080-exec-4", "logger":"com.leopold.store.aop.TimerAspect", "message":"Request [ddbae36d-8b93-4b3b-9469-e6239e1ac005] - Method [ProductServiceImpl.findHotProducts()] finished. Time elapsed: 428ms"}
{"timestamp":"2024-10-09 15:23:48", "level":"INFO", "thread":"http-nio-8080-exec-8", "logger":"com.leopold.store.aop.TimerAspect", "message":"Request [909a3af6-f7c5-4365-b19d-6d30a5d18d96] - Method [CartServiceImpl.displayCartDTO(..)] finished. Time elapsed: 27ms"}
{"timestamp":"2024-10-09 15:24:01", "level":"INFO", "thread":"http-nio-8080-exec-10", "logger":"com.leopold.store.aop.TimerAspect", "message":"Request [eb729280-1004-48a5-80de-fd3022349477] - Method [CartServiceImpl.displayCartDTO(..)] finished. Time elapsed: 11ms"}
{"timestamp":"2024-10-09 15:24:06", "level":"INFO", "thread":"http-nio-8080-exec-6", "logger":"com.leopold.store.aop.TimerAspect", "message":"Request [9936300d-c9da-4f38-9f94-a7154ea9ef05] - Method [UserServiceImpl.findUserById(..)] finished. Time elapsed: 4ms"}
{"timestamp":"2024-10-09 15:24:08", "level":"INFO", "thread":"http-nio-8080-exec-7", "logger":"com.leopold.store.aop.TimerAspect", "message":"Request [b163a69a-364b-4094-9f28-831436adfcd3] - Method [UserServiceImpl.findUserById(..)] finished. Time elapsed: 5ms"}
{"timestamp":"2024-10-09 15:24:18", "level":"INFO", "thread":"http-nio-8080-exec-2", "logger":"com.leopold.store.aop.TimerAspect", "message":"Request [55231deb-7905-4ed7-8f3e-81643be876ee] - Method [UserServiceImpl.findUserById(..)] finished. Time elapsed: 4ms"}
{"timestamp":"2024-10-09 15:24:18", "level":"INFO", "thread":"http-nio-8080-exec-2", "logger":"com.leopold.store.aop.TimerAspect", "message":"Request [37fd8dcb-2d6c-4498-a60a-e2a69789d642] - Method [UserServiceImpl.updateInfo(..)] finished. Time elapsed: 18ms"}
{"timestamp":"2024-10-09 15:24:20", "level":"INFO", "thread":"http-nio-8080-exec-10", "logger":"com.leopold.store.aop.TimerAspect", "message":"Request [f5b52bd1-2c51-4bbc-9099-acfc2fe5f4a9] - Method [UserServiceImpl.findUserById(..)] finished. Time elapsed: 4ms"}
{"timestamp":"2024-10-09 15:24:22", "level":"INFO", "thread":"http-nio-8080-exec-6", "logger":"com.leopold.store.aop.TimerAspect", "message":"Request [dfe58b43-726f-4d71-b1ea-685fd6654633] - Method [AddressServiceImpl.findAddressByUser(..)] finished. Time elapsed: 11ms"}
{"timestamp":"2024-10-09 15:24:25", "level":"INFO", "thread":"http-nio-8080-exec-8", "logger":"com.leopold.store.aop.TimerAspect", "message":"Request [58927ceb-63a4-469b-862e-e14951704a23] - Method [UserServiceImpl.findUserById(..)] finished. Time elapsed: 4ms"}
{"timestamp":"2024-10-09 15:24:27", "level":"INFO", "thread":"http-nio-8080-exec-7", "logger":"com.leopold.store.aop.TimerAspect", "message":"Request [ffc3e7fa-8972-4d4f-b8ac-a74391d058aa] - Method [AddressServiceImpl.findAddressByUser(..)] finished. Time elapsed: 14ms"}
{"timestamp":"2024-10-09 15:24:29", "level":"INFO", "thread":"http-nio-8080-exec-3", "logger":"com.leopold.store.aop.TimerAspect", "message":"Request [c0baff47-cc96-4c13-bf4e-16500af2e1ca] - Method [CartServiceImpl.displayCartDTO(..)] finished. Time elapsed: 10ms"}
{"timestamp":"2024-10-09 15:24:30", "level":"INFO", "thread":"http-nio-8080-exec-1", "logger":"com.leopold.store.aop.TimerAspect", "message":"Request [1147cf93-243a-49a0-a0b2-039e95388a4e] - Method [CartServiceImpl.updateCartNum(..)] finished. Time elapsed: 7ms"}
{"timestamp":"2024-10-09 15:24:30", "level":"INFO", "thread":"http-nio-8080-exec-1", "logger":"com.leopold.store.aop.TimerAspect", "message":"Request [b450967e-319c-4e40-97df-6982c88d3211] - Method [CartServiceImpl.findCartById(..)] finished. Time elapsed: 3ms"}
{"timestamp":"2024-10-09 15:24:31", "level":"INFO", "thread":"http-nio-8080-exec-2", "logger":"com.leopold.store.aop.TimerAspect", "message":"Request [2bbb168a-9a82-4b4a-b70c-623ca48938f5] - Method [CartServiceImpl.updateCartNum(..)] finished. Time elapsed: 4ms"}
{"timestamp":"2024-10-09 15:24:31", "level":"INFO", "thread":"http-nio-8080-exec-2", "logger":"com.leopold.store.aop.TimerAspect", "message":"Request [8fb90892-2742-4e2b-8abe-ccd6b3eb0582] - Method [CartServiceImpl.findCartById(..)] finished. Time elapsed: 2ms"}
{"timestamp":"2024-10-09 15:24:37", "level":"INFO", "thread":"http-nio-8080-exec-5", "logger":"com.leopold.store.aop.TimerAspect", "message":"Request [e7efd71b-896d-4103-b9fd-fcae404e03d5] - Method [AddressServiceImpl.findAddressByUser(..)] finished. Time elapsed: 11ms"}
{"timestamp":"2024-10-09 15:24:37", "level":"INFO", "thread":"http-nio-8080-exec-4", "logger":"com.leopold.store.aop.TimerAspect", "message":"Request [bd96a323-f24f-4457-827b-d942063ed964] - Method [CartServiceImpl.findCartDTOsByCIDs(..)] finished. Time elapsed: 17ms"}
{"timestamp":"2024-10-09 15:25:04", "level":"INFO", "thread":"http-nio-8080-exec-1", "logger":"com.leopold.store.aop.TimerAspect", "message":"Request [a0a09563-0dad-44d0-a64c-e28ca0001b25] - Method [UserServiceImpl.findUserById(..)] finished. Time elapsed: 4ms"}
{"timestamp":"2024-10-09 15:25:05", "level":"INFO", "thread":"http-nio-8080-exec-2", "logger":"com.leopold.store.aop.TimerAspect", "message":"Request [7dfbc72c-de8b-4d86-9d46-7670830dc46b] - Method [CartServiceImpl.displayCartDTO(..)] finished. Time elapsed: 10ms"}
{"timestamp":"2024-10-09 15:25:08", "level":"INFO", "thread":"http-nio-8080-exec-5", "logger":"com.leopold.store.aop.TimerAspect", "message":"Request [4910c209-53b4-498e-a800-f2b31a6db277] - Method [ProductServiceImpl.findHotProducts()] finished. Time elapsed: 4ms"}
{"timestamp":"2024-10-09 15:34:47", "level":"INFO", "thread":"main", "logger":"com.leopold.store.StoreApplication", "message":"Starting StoreApplication using Java 22.0.1 with PID 22688 (D:\Program_Data\java_programs\store\target\classes started by 77921 in D:\Program_Data\java_programs\store)"}
{"timestamp":"2024-10-09 15:34:47", "level":"INFO", "thread":"main", "logger":"com.leopold.store.StoreApplication", "message":"No active profile set, falling back to 1 default profile: "default""}
{"timestamp":"2024-10-09 15:34:48", "level":"WARN", "thread":"main", "logger":"o.m.s.mapper.ClassPathMapperScanner", "message":"No MyBatis mapper was found in '[com.leopold.store]' package. Please check your configuration."}
{"timestamp":"2024-10-09 15:34:49", "level":"WARN", "thread":"main", "logger":"org.hibernate.orm.deprecation", "message":"HHH90000025: MySQLDialect does not need to be specified explicitly using 'hibernate.dialect' (remove the property setting and it will be selected by default)"}
{"timestamp":"2024-10-09 15:34:51", "level":"WARN", "thread":"main", "logger":"o.s.b.a.o.j.JpaBaseConfiguration$JpaWebConfiguration", "message":"spring.jpa.open-in-view is enabled by default. Therefore, database queries may be performed during view rendering. Explicitly configure spring.jpa.open-in-view to disable this warning"}
{"timestamp":"2024-10-09 15:34:52", "level":"INFO", "thread":"main", "logger":"com.leopold.store.StoreApplication", "message":"Started StoreApplication in 4.907 seconds (process running for 5.46)"}
{"timestamp":"2024-10-09 15:35:29", "level":"INFO", "thread":"http-nio-8080-exec-2", "logger":"com.leopold.store.aop.TimerAspect", "message":"Request [ee2f2b71-e5a7-4e78-8bc5-ee61b73d7444] - Method [UserServiceImpl.login(..)] finished. Time elapsed: 75ms"}
{"timestamp":"2024-10-09 15:35:30", "level":"INFO", "thread":"http-nio-8080-exec-5", "logger":"com.leopold.store.aop.TimerAspect", "message":"Request [380b960f-9c47-4b45-9dea-59db88950ffa] - Method [ProductServiceImpl.findHotProducts()] finished. Time elapsed: 356ms"}
{"timestamp":"2024-10-09 15:35:51", "level":"INFO", "thread":"http-nio-8080-exec-7", "logger":"com.leopold.store.aop.TimerAspect", "message":"Request [2969d438-d90a-4960-b9f0-0dc025b89e7a] - Method [CartServiceImpl.displayCartDTO(..)] finished. Time elapsed: 27ms"}
{"timestamp":"2024-10-09 15:35:53", "level":"INFO", "thread":"http-nio-8080-exec-9", "logger":"com.leopold.store.aop.TimerAspect", "message":"Request [12487b83-8cc3-4549-a48c-6ba1a04493b4] - Method [CartServiceImpl.findCartDTOsByCIDs(..)] finished. Time elapsed: 5ms"}
{"timestamp":"2024-10-09 15:35:53", "level":"INFO", "thread":"http-nio-8080-exec-10", "logger":"com.leopold.store.aop.TimerAspect", "message":"Request [763ec344-9fbe-4c6a-a859-15bbf4e168f8] - Method [AddressServiceImpl.findAddressByUser(..)] finished. Time elapsed: 9ms"}
{"timestamp":"2024-10-09 15:36:00", "level":"INFO", "thread":"http-nio-8080-exec-1", "logger":"com.leopold.store.aop.TimerAspect", "message":"Request [44c2db07-fde9-43f6-96a2-34d7c7f4279e] - Method [CartServiceImpl.findCartDTOsByCIDs(..)] finished. Time elapsed: 4ms"}
{"timestamp":"2024-10-09 15:36:00", "level":"INFO", "thread":"http-nio-8080-exec-1", "logger":"com.leopold.store.aop.TimerAspect", "message":"Request [e3dbf08d-e335-4a7b-b3c7-a70889c64387] - Method [AddressServiceImpl.findAddressByID(..)] finished. Time elapsed: 10ms"}
{"timestamp":"2024-10-09 15:36:00", "level":"INFO", "thread":"http-nio-8080-exec-1", "logger":"com.leopold.store.aop.TimerAspect", "message":"Request [8506e740-5787-44ef-aca8-e1dfbb62f550] - Method [UserServiceImpl.findUserById(..)] finished. Time elapsed: 2ms"}
{"timestamp":"2024-10-09 15:36:00", "level":"INFO", "thread":"http-nio-8080-exec-1", "logger":"com.leopold.store.aop.TimerAspect", "message":"Request [d3b6f2dc-4e67-45f5-be74-d6d5a14f5205] - Method [ProductServiceImpl.findProductByID(..)] finished. Time elapsed: 4ms"}
{"timestamp":"2024-10-09 15:36:00", "level":"INFO", "thread":"http-nio-8080-exec-1", "logger":"com.leopold.store.aop.TimerAspect", "message":"Request [4880afca-9571-41d1-8142-3c268adc95cc] - Method [OrderServiceImpl.createOrderFromCart(..)] finished. Time elapsed: 62ms"}
